2025-11-07 16:54:06 - Saving cart:
{
    "user_id": null,
    "cart_key": "cart",
    "items_count": 0,
    "total": 0,
    "session_id": "33alulbhk63m3e4kpk9md0n52i"
}

2025-11-07 16:54:34 - Saving cart:
{
    "user_id": null,
    "cart_key": "cart",
    "items_count": 0,
    "total": 0,
    "session_id": "33alulbhk63m3e4kpk9md0n52i"
}

2025-11-07 17:01:21 - Saving cart:
{
    "user_id": 11,
    "cart_key": "cart_user_11",
    "items_count": 0,
    "total": 0,
    "session_id": "33alulbhk63m3e4kpk9md0n52i"
}

2025-11-07 17:01:35 - Saving cart:
{
    "user_id": 11,
    "cart_key": "cart_user_11",
    "items_count": 0,
    "total": 0,
    "session_id": "33alulbhk63m3e4kpk9md0n52i"
}

2025-11-07 17:08:01 - Saving cart:
{
    "user_id": 11,
    "cart_key": "cart_user_11",
    "items_count": 0,
    "total": 0,
    "session_id": "48u6tf8t9rbrrthvnknq36vv6l"
}

2025-11-07 17:08:45 - Saving cart:
{
    "user_id": 11,
    "cart_key": "cart_user_11",
    "items_count": 0,
    "total": 0,
    "session_id": "48u6tf8t9rbrrthvnknq36vv6l"
}

2025-12-10 21:28:21 - Saving cart:
{
    "user_id": 56,
    "cart_key": "cart_user_56",
    "items_count": 0,
    "total": 0,
    "session_id": "jaul8eee5mgpi33kafi2la233v"
}

2025-12-10 21:38:05 - Saving cart:
{
    "user_id": 56,
    "cart_key": "cart_user_56",
    "items_count": 0,
    "total": 0,
    "session_id": "jaul8eee5mgpi33kafi2la233v"
}

2025-12-10 21:38:30 - ADD OPERATION:
{
    "user_id": 56,
    "name": "MONSTERA DELICIOSA",
    "code": "S27",
    "qty": 1,
    "price": 1785,
    "session_id": "jaul8eee5mgpi33kafi2la233v",
    "current_cart_items_count": 0
}

2025-12-10 21:38:30 - Saving cart:
{
    "user_id": 56,
    "cart_key": "cart_user_56",
    "items_count": 1,
    "total": 1785,
    "session_id": "jaul8eee5mgpi33kafi2la233v"
}

2025-12-10 21:38:30 - Saving cart:
{
    "user_id": 56,
    "cart_key": "cart_user_56",
    "items_count": 1,
    "total": 1785,
    "session_id": "jaul8eee5mgpi33kafi2la233v"
}

2025-12-10 21:38:31 - Saving cart:
{
    "user_id": 56,
    "cart_key": "cart_user_56",
    "items_count": 1,
    "total": 1785,
    "session_id": "jaul8eee5mgpi33kafi2la233v"
}

2025-12-10 21:57:55 - Saving cart:
{
    "user_id": 56,
    "cart_key": "cart_user_56",
    "items_count": 1,
    "total": 1785,
    "session_id": "jaul8eee5mgpi33kafi2la233v"
}

2025-12-10 21:58:02 - Saving cart:
{
    "user_id": 56,
    "cart_key": "cart_user_56",
    "items_count": 0,
    "total": 0,
    "session_id": "jaul8eee5mgpi33kafi2la233v"
}

2025-12-10 21:58:02 - Saving cart:
{
    "user_id": 56,
    "cart_key": "cart_user_56",
    "items_count": 0,
    "total": 0,
    "session_id": "jaul8eee5mgpi33kafi2la233v"
}

2025-12-10 21:58:12 - ADD OPERATION:
{
    "user_id": 56,
    "name": "MONSTERA DELICIOSA",
    "code": "S27",
    "qty": 2,
    "price": 1785,
    "session_id": "jaul8eee5mgpi33kafi2la233v",
    "current_cart_items_count": 0
}

2025-12-10 21:58:12 - Saving cart:
{
    "user_id": 56,
    "cart_key": "cart_user_56",
    "items_count": 1,
    "total": 3570,
    "session_id": "jaul8eee5mgpi33kafi2la233v"
}

2025-12-10 21:58:12 - Saving cart:
{
    "user_id": 56,
    "cart_key": "cart_user_56",
    "items_count": 1,
    "total": 3570,
    "session_id": "jaul8eee5mgpi33kafi2la233v"
}

2025-12-10 21:58:26 - ADD OPERATION:
{
    "user_id": 56,
    "name": "MONSTERA DELICIOSA",
    "code": "S27",
    "qty": 1,
    "price": 1785,
    "session_id": "jaul8eee5mgpi33kafi2la233v",
    "current_cart_items_count": 1
}

2025-12-10 21:58:26 - Saving cart:
{
    "user_id": 56,
    "cart_key": "cart_user_56",
    "items_count": 1,
    "total": 5355,
    "session_id": "jaul8eee5mgpi33kafi2la233v"
}

2025-12-10 21:58:26 - Saving cart:
{
    "user_id": 56,
    "cart_key": "cart_user_56",
    "items_count": 1,
    "total": 5355,
    "session_id": "jaul8eee5mgpi33kafi2la233v"
}

2026-02-22 20:39:23 - Saving cart:
{
    "user_id": 66,
    "cart_key": "cart_user_66",
    "items_count": 0,
    "total": 0,
    "session_id": "4329aa3124975a5f084c224de26612f3"
}

2026-02-22 21:12:20 - Saving cart:
{
    "user_id": 66,
    "cart_key": "cart_user_66",
    "items_count": 0,
    "total": 0,
    "session_id": "4329aa3124975a5f084c224de26612f3"
}

2026-02-22 21:46:37 - Saving cart:
{
    "user_id": null,
    "cart_key": "cart",
    "items_count": 0,
    "total": 0,
    "session_id": "4329aa3124975a5f084c224de26612f3"
}

2026-02-22 21:46:51 - Saving cart:
{
    "user_id": null,
    "cart_key": "cart",
    "items_count": 0,
    "total": 0,
    "session_id": "4329aa3124975a5f084c224de26612f3"
}

2026-02-22 21:49:36 - Saving cart:
{
    "user_id": null,
    "cart_key": "cart",
    "items_count": 0,
    "total": 0,
    "session_id": "4329aa3124975a5f084c224de26612f3"
}

